20200101.gsc
20200102.gsc
20200103.gsc
20200104.gsc
20200105.gsc
20200106.gsc
20200107.gsc
20200108.gsc
20200109.gsc
20200110.gsc
20200111.gsc
20200112.gsc
20200113.gsc
20200114.gsc
20200115.gsc
20200116.gsc
20200117.gsc
20200118.gsc
20200119.gsc
20200120.gsc
20200121.gsc
20200122.gsc
20200123.gsc
20200124.gsc
20200125.gsc
20200126.gsc
20200127.gsc
20200128.gsc
20200129.gsc
20200130.gsc
20200131.gsc
20200201.gsc
20200202.gsc
20200203.gsc
20200204.gsc
20200205.gsc
20200206.gsc
20200207.gsc
20200208.gsc
20200209.gsc
20200210.gsc
20200211.gsc
20200101.gsm
20200102.gsm
20200103.gsm
20200104.gsm
20200105.gsm
20200106.gsm
20200107.gsm
20200108.gsm
20200109.gsm
20200110.gsm
20200111.gsm
20200112.gsm
20200113.gsm
20200114.gsm
20200115.gsm
20200116.gsm
20200117.gsm
20200118.gsm
20200119.gsm
20200120.gsm
20200121.gsm
20200122.gsm
20200123.gsm
20200124.gsm
20200125.gsm
20200126.gsm
20200127.gsm
20200128.gsm
20200129.gsm
20200130.gsm
20200131.gsm
20200201.gsm
20200202.gsm
20200203.gsm
20200204.gsm
20200205.gsm
20200206.gsm
20200207.gsm
20200208.gsm
20200209.gsm
20200210.gsm
20200211.gsm
20200101.gnm
20200102.gnm
20200103.gnm
20200104.gnm
20200105.gnm
20200106.gnm
20200107.gnm
20200108.gnm
20200109.gnm
20200110.gnm
20200111.gnm
20200112.gnm
20200113.gnm
20200114.gnm
20200115.gnm
20200116.gnm
20200117.gnm
20200118.gnm
20200119.gnm
20200120.gnm
20200121.gnm
20200122.gnm
20200123.gnm
20200124.gnm
20200125.gnm
20200126.gnm
20200127.gnm
20200128.gnm
20200129.gnm
20200130.gnm
20200131.gnm
20200201.gnm
20200202.gnm
20200203.gnm
20200204.gnm
20200205.gnm
20200206.gnm
20200207.gnm
20200208.gnm
20200209.gnm
20200210.gnm
20200101.gnc
20200102.gnc
20200103.gnc
20200104.gnc
20200105.gnc
20200106.gnc
20200107.gnc
20200108.gnc
20200109.gnc
20200110.gnc
20200111.gnc
20200112.gnc
20200113.gnc
20200114.gnc
20200115.gnc
20200116.gnc
20200117.gnc
20200118.gnc
20200119.gnc
20200120.gnc
20200121.gnc
20200122.gnc
20200123.gnc
20200124.gnc
20200125.gnc
20200126.gnc
20200127.gnc
20200128.gnc
20200129.gnc
20200130.gnc
20200131.gnc
20200201.gnc
20200202.gnc
20200203.gnc
20200204.gnc
20200205.gnc
20200206.gnc
20200207.gnc
20200208.gnc
20200209.gnc
20200210.gnc
20200101.fox
20200102.fox
20200103.fox
20200104.fox
20200105.fox
20200106.fox
20200107.fox
20200108.fox
20200109.fox
20200110.fox
20200111.fox
20200112.fox
20200113.fox
20200114.fox
20200115.fox
20200116.fox
20200117.fox
20200118.fox
20200119.fox
20200120.fox
20200121.fox
20200122.fox
20200123.fox
20200124.fox
20200125.fox
20200126.fox
20200127.fox
20200128.fox
20200129.fox
20200130.fox
20200131.fox
20200201.fox
20200202.fox
20200203.fox
20200204.fox
20200205.fox
20200206.fox
20200207.fox
20200208.fox
20200209.fox
20200210.fox
20200211.fox
20200101.plm
20200102.plm
20200103.plm
20200104.plm
20200105.plm
20200106.plm
20200107.plm
20200108.plm
20200109.plm
20200110.plm
20200111.plm
20200112.plm
20200113.plm
20200114.plm
20200115.plm
20200116.plm
20200117.plm
20200118.plm
20200119.plm
20200120.plm
20200121.plm
20200122.plm
20200123.plm
20200124.plm
20200125.plm
20200126.plm
20200127.plm
20200128.plm
20200129.plm
20200130.plm
20200131.plm
20200201.plm
20200202.plm
20200203.plm
20200204.plm
20200205.plm
20200206.plm
20200207.plm
20200208.plm
20200209.plm
20200210.plm
20200211.plm
